<?xml version="1.0" encoding="UTF-8"?>
<!-- Generated by org.testng.reporters.JUnitXMLReporter -->
<testsuite ignored="0" hostname="LAPTOP-F87KAJUA" failures="0" tests="1" name="FirefoxTest" time="0.062" errors="0" timestamp="05 Dec 2022 09:37:14 GMT">
  <testcase classname="TestNG.Cross_Browser" name="@BeforeTest openBrowser" time="0.029">
    <failure type="java.lang.IllegalStateException" message="The driver executable does not exist: C:\geckodriver-v0.32.0-win64\geckodriver.exe">
      <![CDATA[java.lang.IllegalStateException: The driver executable does not exist: C:\geckodriver-v0.32.0-win64\geckodriver.exe
at com.google.common.base.Preconditions.checkState(Preconditions.java:585)
at org.openqa.selenium.remote.service.DriverService.checkExecutable(DriverService.java:146)
at org.openqa.selenium.remote.service.DriverService.findExecutable(DriverService.java:141)
at org.openqa.selenium.firefox.GeckoDriverService.access$100(GeckoDriverService.java:44)
at org.openqa.selenium.firefox.GeckoDriverService$Builder.findDefaultExecutable(GeckoDriverService.java:167)
at org.openqa.selenium.remote.service.DriverService$Builder.build(DriverService.java:355)
at org.openqa.selenium.firefox.FirefoxDriver.toExecutor(FirefoxDriver.java:190)
at org.openqa.selenium.firefox.FirefoxDriver.<init>(FirefoxDriver.java:147)
at org.openqa.selenium.firefox.FirefoxDriver.<init>(FirefoxDriver.java:125)
at TestNG.Cross_Browser.openBrowser(Cross_Browser.java:41)
... Removed 22 stack frames]]>
    </failure>
  </testcase> <!-- @BeforeTest openBrowser -->
  <testcase classname="TestNG.Cross_Browser" name="@BeforeClass beforeclass" time="0.0">
    <skipped/>
  </testcase> <!-- @BeforeClass beforeclass -->
  <testcase classname="TestNG.Cross_Browser" name="@BeforeMethod beforemethod" time="0.0">
    <skipped/>
  </testcase> <!-- @BeforeMethod beforemethod -->
  <testcase classname="TestNG.Cross_Browser" name="@AfterMethod aftermethod" time="0.0">
    <skipped/>
  </testcase> <!-- @AfterMethod aftermethod -->
  <testcase classname="TestNG.Cross_Browser" name="@AfterClass afterclass" time="0.0">
    <skipped/>
  </testcase> <!-- @AfterClass afterclass -->
  <testcase classname="TestNG.Cross_Browser" name="@AfterTest afterTest" time="0.0">
    <skipped/>
  </testcase> <!-- @AfterTest afterTest -->
  <testcase classname="TestNG.Cross_Browser" name="test2" time="0.0">
    <skipped/>
  </testcase> <!-- test2 -->
</testsuite> <!-- FirefoxTest -->
